{"numFailedTestSuites":0,"numFailedTests":0,"numPassedTestSuites":7,"numPassedTests":50,"numPendingTestSuites":0,"numPendingTests":0,"numRuntimeErrorTestSuites":0,"numTodoTests":0,"numTotalTestSuites":7,"numTotalTests":50,"openHandles":[],"snapshot":{"added":0,"didUpdate":false,"failure":false,"filesAdded":0,"filesRemoved":0,"filesRemovedList":[],"filesUnmatched":0,"filesUpdated":0,"matched":0,"total":0,"unchecked":0,"uncheckedKeysByFile":[],"unmatched":0,"updated":0},"startTime":1753735424204,"success":true,"testResults":[{"assertionResults":[{"ancestorTitles":["UI Components","Element Creation"],"duration":20,"failureDetails":[],"failureMessages":[],"fullName":"UI Components Element Creation should create DOM elements","invocations":1,"location":null,"numPassingAsserts":2,"retryReasons":[],"status":"passed","title":"should create DOM elements"},{"ancestorTitles":["UI Components","Element Creation"],"duration":1,"failureDetails":[],"failureMessages":[],"fullName":"UI Components Element Creation should set element properties","invocations":1,"location":null,"numPassingAsserts":2,"retryReasons":[],"status":"passed","title":"should set element properties"},{"ancestorTitles":["UI Components","CSS Class Management"],"duration":1,"failureDetails":[],"failureMessages":[],"fullName":"UI Components CSS Class Management should handle CSS classes","invocations":1,"location":null,"numPassingAsserts":2,"retryReasons":[],"status":"passed","title":"should handle CSS classes"},{"ancestorTitles":["UI Components","CSS Class Management"],"duration":1,"failureDetails":[],"failureMessages":[],"fullName":"UI Components CSS Class Management should handle multiple classes","invocations":1,"location":null,"numPassingAsserts":2,"retryReasons":[],"status":"passed","title":"should handle multiple classes"},{"ancestorTitles":["UI Components","Theme System"],"duration":1,"failureDetails":[],"failureMessages":[],"fullName":"UI Components Theme System should handle theme switching","invocations":1,"location":null,"numPassingAsserts":2,"retryReasons":[],"status":"passed","title":"should handle theme switching"},{"ancestorTitles":["UI Components","Theme System"],"duration":5,"failureDetails":[],"failureMessages":[],"fullName":"UI Components Theme System should handle CSS custom properties","invocations":1,"location":null,"numPassingAsserts":2,"retryReasons":[],"status":"passed","title":"should handle CSS custom properties"},{"ancestorTitles":["UI Components","Event Handling"],"duration":3,"failureDetails":[],"failureMessages":[],"fullName":"UI Components Event Handling should handle click events","invocations":1,"location":null,"numPassingAsserts":1,"retryReasons":[],"status":"passed","title":"should handle click events"},{"ancestorTitles":["UI Components","Event Handling"],"duration":1,"failureDetails":[],"failureMessages":[],"fullName":"UI Components Event Handling should handle form data","invocations":1,"location":null,"numPassingAsserts":2,"retryReasons":[],"status":"passed","title":"should handle form data"},{"ancestorTitles":["UI Components","Responsive Behavior"],"duration":1,"failureDetails":[],"failureMessages":[],"fullName":"UI Components Responsive Behavior should handle mobile/desktop states","invocations":1,"location":null,"numPassingAsserts":2,"retryReasons":[],"status":"passed","title":"should handle mobile/desktop states"},{"ancestorTitles":["UI Components","Responsive Behavior"],"duration":2,"failureDetails":[],"failureMessages":[],"fullName":"UI Components Responsive Behavior should handle sidebar visibility","invocations":1,"location":null,"numPassingAsserts":2,"retryReasons":[],"status":"passed","title":"should handle sidebar visibility"}],"endTime":1753735425845,"message":"","name":"F:\\ChillFi3\\server\\tests\\ui.test.js","startTime":1753735424747,"status":"passed","summary":""},{"assertionResults":[{"ancestorTitles":["Integration Tests","User Authentication Flow"],"duration":16,"failureDetails":[],"failureMessages":[],"fullName":"Integration Tests User Authentication Flow should handle complete login flow","invocations":1,"location":null,"numPassingAsserts":2,"retryReasons":[],"status":"passed","title":"should handle complete login flow"},{"ancestorTitles":["Integration Tests","User Authentication Flow"],"duration":1,"failureDetails":[],"failureMessages":[],"fullName":"Integration Tests User Authentication Flow should reject invalid credentials","invocations":1,"location":null,"numPassingAsserts":1,"retryReasons":[],"status":"passed","title":"should reject invalid credentials"},{"ancestorTitles":["Integration Tests","Admin User Management"],"duration":0,"failureDetails":[],"failureMessages":[],"fullName":"Integration Tests Admin User Management should allow admin to create users","invocations":1,"location":null,"numPassingAsserts":1,"retryReasons":[],"status":"passed","title":"should allow admin to create users"},{"ancestorTitles":["Integration Tests","Admin User Management"],"duration":2,"failureDetails":[],"failureMessages":[],"fullName":"Integration Tests Admin User Management should reject non-admin user creation","invocations":1,"location":null,"numPassingAsserts":1,"retryReasons":[],"status":"passed","title":"should reject non-admin user creation"},{"ancestorTitles":["Integration Tests","Song Management Flow"],"duration":2,"failureDetails":[],"failureMessages":[],"fullName":"Integration Tests Song Management Flow should handle song listing with pagination","invocations":1,"location":null,"numPassingAsserts":2,"retryReasons":[],"status":"passed","title":"should handle song listing with pagination"},{"ancestorTitles":["Integration Tests","Error Handling"],"duration":0,"failureDetails":[],"failureMessages":[],"fullName":"Integration Tests Error Handling should handle database connection failures","invocations":1,"location":null,"numPassingAsserts":1,"retryReasons":[],"status":"passed","title":"should handle database connection failures"},{"ancestorTitles":["Integration Tests","Rate Limiting"],"duration":3,"failureDetails":[],"failureMessages":[],"fullName":"Integration Tests Rate Limiting should apply rate limiting to socket events","invocations":1,"location":null,"numPassingAsserts":1,"retryReasons":[],"status":"passed","title":"should apply rate limiting to socket events"}],"endTime":1753735425846,"message":"","name":"F:\\ChillFi3\\server\\tests\\integration.test.js","startTime":1753735424760,"status":"passed","summary":""},{"assertionResults":[{"ancestorTitles":["API Endpoints","Health Check"],"duration":19,"failureDetails":[],"failureMessages":[],"fullName":"API Endpoints Health Check GET /api/health should return 200","invocations":1,"location":null,"numPassingAsserts":2,"retryReasons":[],"status":"passed","title":"GET /api/health should return 200"},{"ancestorTitles":["API Endpoints","OpenGraph Endpoints"],"duration":1,"failureDetails":[],"failureMessages":[],"fullName":"API Endpoints OpenGraph Endpoints GET /api/og/song/:id should return song metadata","invocations":1,"location":null,"numPassingAsserts":1,"retryReasons":[],"status":"passed","title":"GET /api/og/song/:id should return song metadata"},{"ancestorTitles":["API Endpoints","OpenGraph Endpoints"],"duration":1,"failureDetails":[],"failureMessages":[],"fullName":"API Endpoints OpenGraph Endpoints GET /api/og/song/:id should return 404 for non-existent song","invocations":1,"location":null,"numPassingAsserts":1,"retryReasons":[],"status":"passed","title":"GET /api/og/song/:id should return 404 for non-existent song"},{"ancestorTitles":["API Endpoints","OpenGraph Endpoints"],"duration":1,"failureDetails":[],"failureMessages":[],"fullName":"API Endpoints OpenGraph Endpoints GET /api/og/album should return album metadata","invocations":1,"location":null,"numPassingAsserts":1,"retryReasons":[],"status":"passed","title":"GET /api/og/album should return album metadata"},{"ancestorTitles":["API Endpoints","OpenGraph Endpoints"],"duration":1,"failureDetails":[],"failureMessages":[],"fullName":"API Endpoints OpenGraph Endpoints GET /api/og/library/:username should return library metadata","invocations":1,"location":null,"numPassingAsserts":1,"retryReasons":[],"status":"passed","title":"GET /api/og/library/:username should return library metadata"},{"ancestorTitles":["API Endpoints","OpenGraph Endpoints"],"duration":0,"failureDetails":[],"failureMessages":[],"fullName":"API Endpoints OpenGraph Endpoints GET /api/og/artist/:name should return artist metadata","invocations":1,"location":null,"numPassingAsserts":1,"retryReasons":[],"status":"passed","title":"GET /api/og/artist/:name should return artist metadata"},{"ancestorTitles":["API Endpoints","Rate Limiting"],"duration":0,"failureDetails":[],"failureMessages":[],"fullName":"API Endpoints Rate Limiting should apply rate limiting to OG endpoints","invocations":1,"location":null,"numPassingAsserts":1,"retryReasons":[],"status":"passed","title":"should apply rate limiting to OG endpoints"},{"ancestorTitles":["API Endpoints","Error Handling"],"duration":20,"failureDetails":[],"failureMessages":[],"fullName":"API Endpoints Error Handling should handle database errors gracefully","invocations":1,"location":null,"numPassingAsserts":1,"retryReasons":[],"status":"passed","title":"should handle database errors gracefully"}],"endTime":1753735425886,"message":"","name":"F:\\ChillFi3\\server\\tests\\api.test.js","startTime":1753735424774,"status":"passed","summary":""},{"assertionResults":[{"ancestorTitles":["Core Functionality","Configuration"],"duration":16,"failureDetails":[],"failureMessages":[],"fullName":"Core Functionality Configuration should load configuration","invocations":1,"location":null,"numPassingAsserts":3,"retryReasons":[],"status":"passed","title":"should load configuration"},{"ancestorTitles":["Core Functionality","Response Utilities"],"duration":14,"failureDetails":[],"failureMessages":[],"fullName":"Core Functionality Response Utilities should format success responses","invocations":1,"location":null,"numPassingAsserts":1,"retryReasons":[],"status":"passed","title":"should format success responses"},{"ancestorTitles":["Core Functionality","Response Utilities"],"duration":1,"failureDetails":[],"failureMessages":[],"fullName":"Core Functionality Response Utilities should format error responses","invocations":1,"location":null,"numPassingAsserts":1,"retryReasons":[],"status":"passed","title":"should format error responses"},{"ancestorTitles":["Core Functionality","Rate Limiter"],"duration":10,"failureDetails":[],"failureMessages":[],"fullName":"Core Functionality Rate Limiter should allow requests within limits","invocations":1,"location":null,"numPassingAsserts":1,"retryReasons":[],"status":"passed","title":"should allow requests within limits"},{"ancestorTitles":["Core Functionality","Logger"],"duration":5,"failureDetails":[],"failureMessages":[],"fullName":"Core Functionality Logger should have logging functions","invocations":1,"location":null,"numPassingAsserts":3,"retryReasons":[],"status":"passed","title":"should have logging functions"}],"endTime":1753735425895,"message":"","name":"F:\\ChillFi3\\server\\tests\\core-functionality.test.js","startTime":1753735424798,"status":"passed","summary":""},{"assertionResults":[{"ancestorTitles":["SongService","getSongs"],"duration":21,"failureDetails":[],"failureMessages":[],"fullName":"SongService getSongs should return songs with pagination","invocations":1,"location":null,"numPassingAsserts":3,"retryReasons":[],"status":"passed","title":"should return songs with pagination"},{"ancestorTitles":["SongService","getSongs"],"duration":2,"failureDetails":[],"failureMessages":[],"fullName":"SongService getSongs should handle search filters","invocations":1,"location":null,"numPassingAsserts":1,"retryReasons":[],"status":"passed","title":"should handle search filters"},{"ancestorTitles":["SongService","getSongById"],"duration":2,"failureDetails":[],"failureMessages":[],"fullName":"SongService getSongById should return song when found","invocations":1,"location":null,"numPassingAsserts":1,"retryReasons":[],"status":"passed","title":"should return song when found"},{"ancestorTitles":["SongService","getSongById"],"duration":0,"failureDetails":[],"failureMessages":[],"fullName":"SongService getSongById should return null when not found","invocations":1,"location":null,"numPassingAsserts":1,"retryReasons":[],"status":"passed","title":"should return null when not found"},{"ancestorTitles":["SongService","updateSong"],"duration":21,"failureDetails":[],"failureMessages":[],"fullName":"SongService updateSong should throw error for unauthorized user","invocations":1,"location":null,"numPassingAsserts":1,"retryReasons":[],"status":"passed","title":"should throw error for unauthorized user"},{"ancestorTitles":["SongService","updateSong"],"duration":0,"failureDetails":[],"failureMessages":[],"fullName":"SongService updateSong should allow admin to update any song","invocations":1,"location":null,"numPassingAsserts":1,"retryReasons":[],"status":"passed","title":"should allow admin to update any song"}],"endTime":1753735425898,"message":"","name":"F:\\ChillFi3\\server\\tests\\songService.test.js","startTime":1753735424777,"status":"passed","summary":""},{"assertionResults":[{"ancestorTitles":["AuthManager","Token Management"],"duration":19,"failureDetails":[],"failureMessages":[],"fullName":"AuthManager Token Management should store token in localStorage","invocations":1,"location":null,"numPassingAsserts":1,"retryReasons":[],"status":"passed","title":"should store token in localStorage"},{"ancestorTitles":["AuthManager","Token Management"],"duration":1,"failureDetails":[],"failureMessages":[],"fullName":"AuthManager Token Management should retrieve token from localStorage","invocations":1,"location":null,"numPassingAsserts":1,"retryReasons":[],"status":"passed","title":"should retrieve token from localStorage"},{"ancestorTitles":["AuthManager","Token Management"],"duration":1,"failureDetails":[],"failureMessages":[],"fullName":"AuthManager Token Management should clear token on logout","invocations":1,"location":null,"numPassingAsserts":1,"retryReasons":[],"status":"passed","title":"should clear token on logout"},{"ancestorTitles":["AuthManager","User Data Management"],"duration":3,"failureDetails":[],"failureMessages":[],"fullName":"AuthManager User Data Management should handle user object structure","invocations":1,"location":null,"numPassingAsserts":2,"retryReasons":[],"status":"passed","title":"should handle user object structure"},{"ancestorTitles":["AuthManager","User Data Management"],"duration":1,"failureDetails":[],"failureMessages":[],"fullName":"AuthManager User Data Management should generate user avatar initials","invocations":1,"location":null,"numPassingAsserts":1,"retryReasons":[],"status":"passed","title":"should generate user avatar initials"},{"ancestorTitles":["AuthManager","Authentication State"],"duration":0,"failureDetails":[],"failureMessages":[],"fullName":"AuthManager Authentication State should track authentication status","invocations":1,"location":null,"numPassingAsserts":2,"retryReasons":[],"status":"passed","title":"should track authentication status"},{"ancestorTitles":["AuthManager","Authentication State"],"duration":1,"failureDetails":[],"failureMessages":[],"fullName":"AuthManager Authentication State should handle admin privileges","invocations":1,"location":null,"numPassingAsserts":2,"retryReasons":[],"status":"passed","title":"should handle admin privileges"}],"endTime":1753735425906,"message":"","name":"F:\\ChillFi3\\server\\tests\\auth.test.js","startTime":1753735424781,"status":"passed","summary":""},{"assertionResults":[{"ancestorTitles":["Database","Schema Generation"],"duration":14,"failureDetails":[],"failureMessages":[],"fullName":"Database Schema Generation should generate CREATE TABLE SQL from schema","invocations":1,"location":null,"numPassingAsserts":4,"retryReasons":[],"status":"passed","title":"should generate CREATE TABLE SQL from schema"},{"ancestorTitles":["Database","Schema Generation"],"duration":1,"failureDetails":[],"failureMessages":[],"fullName":"Database Schema Generation should handle foreign keys in schema","invocations":1,"location":null,"numPassingAsserts":1,"retryReasons":[],"status":"passed","title":"should handle foreign keys in schema"},{"ancestorTitles":["Database","Query Security"],"duration":1,"failureDetails":[],"failureMessages":[],"fullName":"Database Query Security should validate safe query parameters","invocations":1,"location":null,"numPassingAsserts":1,"retryReasons":[],"status":"passed","title":"should validate safe query parameters"},{"ancestorTitles":["Database","Query Security"],"duration":1,"failureDetails":[],"failureMessages":[],"fullName":"Database Query Security should reject SQL injection attempts","invocations":1,"location":null,"numPassingAsserts":1,"retryReasons":[],"status":"passed","title":"should reject SQL injection attempts"},{"ancestorTitles":["Database","Query Security"],"duration":1,"failureDetails":[],"failureMessages":[],"fullName":"Database Query Security should reject script injection attempts","invocations":1,"location":null,"numPassingAsserts":1,"retryReasons":[],"status":"passed","title":"should reject script injection attempts"},{"ancestorTitles":["Database","Query Security"],"duration":1,"failureDetails":[],"failureMessages":[],"fullName":"Database Query Security should allow auth context parameters","invocations":1,"location":null,"numPassingAsserts":1,"retryReasons":[],"status":"passed","title":"should allow auth context parameters"},{"ancestorTitles":["Database","Connection Management"],"duration":1,"failureDetails":[],"failureMessages":[],"fullName":"Database Connection Management should handle connection errors gracefully","invocations":1,"location":null,"numPassingAsserts":1,"retryReasons":[],"status":"passed","title":"should handle connection errors gracefully"}],"endTime":1753735426063,"message":"","name":"F:\\ChillFi3\\server\\tests\\database.test.js","startTime":1753735424762,"status":"passed","summary":""}],"wasInterrupted":false}
