TN:
SF:auth.js
FN:17,generateToken
FN:30,verifyToken
FN:41,authenticateSocket
FN:59,(anonymous_3)
FN:69,(anonymous_4)
FN:77,handleSocket
FN:79,(anonymous_6)
FN:163,(anonymous_7)
FN:221,(anonymous_8)
FN:260,(anonymous_9)
FN:330,(anonymous_10)
FN:356,(anonymous_11)
FNF:12
FNH:4
FNDA:3,generateToken
FNDA:3,verifyToken
FNDA:2,authenticateSocket
FNDA:1,(anonymous_3)
FNDA:0,(anonymous_4)
FNDA:0,handleSocket
FNDA:0,(anonymous_6)
FNDA:0,(anonymous_7)
FNDA:0,(anonymous_8)
FNDA:0,(anonymous_9)
FNDA:0,(anonymous_10)
FNDA:0,(anonymous_11)
DA:4,1
DA:5,1
DA:6,1
DA:7,1
DA:8,1
DA:9,1
DA:10,1
DA:11,1
DA:13,1
DA:14,1
DA:18,3
DA:31,3
DA:32,3
DA:34,1
DA:42,2
DA:44,2
DA:45,1
DA:46,1
DA:47,1
DA:50,1
DA:51,1
DA:52,0
DA:53,0
DA:54,0
DA:58,1
DA:60,1
DA:61,0
DA:62,0
DA:64,1
DA:65,1
DA:67,1
DA:70,0
DA:71,0
DA:72,0
DA:79,0
DA:80,0
DA:81,0
DA:82,0
DA:83,0
DA:84,0
DA:87,0
DA:89,0
DA:90,0
DA:91,0
DA:95,0
DA:96,0
DA:100,0
DA:102,0
DA:103,0
DA:104,0
DA:107,0
DA:108,0
DA:111,0
DA:112,0
DA:113,0
DA:116,0
DA:117,0
DA:118,0
DA:119,0
DA:120,0
DA:124,0
DA:127,0
DA:128,0
DA:134,0
DA:139,0
DA:152,0
DA:157,0
DA:158,0
DA:163,0
DA:164,0
DA:165,0
DA:166,0
DA:172,0
DA:174,0
DA:175,0
DA:182,0
DA:187,0
DA:188,0
DA:194,0
DA:196,0
DA:197,0
DA:201,0
DA:206,0
DA:212,0
DA:213,0
DA:221,0
DA:222,0
DA:223,0
DA:224,0
DA:230,0
DA:232,0
DA:233,0
DA:239,0
DA:241,0
DA:246,0
DA:249,0
DA:250,0
DA:260,0
DA:261,0
DA:262,0
DA:263,0
DA:269,0
DA:271,0
DA:272,0
DA:279,0
DA:284,0
DA:285,0
DA:292,0
DA:293,0
DA:294,0
DA:301,0
DA:304,0
DA:310,0
DA:316,0
DA:317,0
DA:319,0
DA:321,0
DA:322,0
DA:330,0
DA:331,0
DA:332,0
DA:334,0
DA:335,0
DA:341,0
DA:342,0
DA:344,0
DA:347,0
DA:348,0
DA:356,0
DA:357,0
DA:358,0
DA:360,0
DA:361,0
DA:367,0
DA:368,0
DA:369,0
DA:376,0
DA:381,0
DA:382,0
DA:388,0
DA:389,0
DA:392,0
DA:397,0
DA:403,0
DA:404,0
DA:412,1
LF:146
LH:27
BRDA:44,0,0,1
BRDA:44,0,1,1
BRDA:51,1,0,0
BRDA:51,1,1,1
BRDA:60,2,0,0
BRDA:60,2,1,1
BRDA:82,3,0,0
BRDA:82,3,1,0
BRDA:89,4,0,0
BRDA:89,4,1,0
BRDA:89,5,0,0
BRDA:89,5,1,0
BRDA:102,6,0,0
BRDA:102,6,1,0
BRDA:111,7,0,0
BRDA:111,7,1,0
BRDA:118,8,0,0
BRDA:118,8,1,0
BRDA:165,9,0,0
BRDA:165,9,1,0
BRDA:165,10,0,0
BRDA:165,10,1,0
BRDA:174,11,0,0
BRDA:174,11,1,0
BRDA:187,12,0,0
BRDA:187,12,1,0
BRDA:196,13,0,0
BRDA:196,13,1,0
BRDA:203,14,0,0
BRDA:203,14,1,0
BRDA:223,15,0,0
BRDA:223,15,1,0
BRDA:223,16,0,0
BRDA:223,16,1,0
BRDA:232,17,0,0
BRDA:232,17,1,0
BRDA:232,18,0,0
BRDA:232,18,1,0
BRDA:262,19,0,0
BRDA:262,19,1,0
BRDA:271,20,0,0
BRDA:271,20,1,0
BRDA:271,21,0,0
BRDA:271,21,1,0
BRDA:284,22,0,0
BRDA:284,22,1,0
BRDA:293,23,0,0
BRDA:293,23,1,0
BRDA:334,24,0,0
BRDA:334,24,1,0
BRDA:360,25,0,0
BRDA:360,25,1,0
BRDA:368,26,0,0
BRDA:368,26,1,0
BRDA:381,27,0,0
BRDA:381,27,1,0
BRF:56
BRH:4
end_of_record
TN:
SF:database.js
FN:24,init
FN:69,createTablesFromSchema
FN:73,(anonymous_2)
FN:98,generateSchemaSQL
FN:166,getConnection
FN:174,query
FN:202,cleanup
FNF:7
FNH:1
FNDA:0,init
FNDA:0,createTablesFromSchema
FNDA:0,(anonymous_2)
FNDA:2,generateSchemaSQL
FNDA:0,getConnection
FNDA:0,query
FNDA:0,cleanup
DA:4,2
DA:5,2
DA:6,2
DA:7,2
DA:10,2
DA:12,2
DA:25,0
DA:26,0
DA:35,0
DA:42,0
DA:43,0
DA:45,0
DA:48,0
DA:51,0
DA:58,0
DA:60,0
DA:61,0
DA:63,0
DA:64,0
DA:70,0
DA:73,0
DA:75,0
DA:76,0
DA:77,0
DA:80,0
DA:86,0
DA:95,0
DA:99,2
DA:101,2
DA:102,2
DA:104,2
DA:105,2
DA:108,5
DA:110,5
DA:111,5
DA:112,1
DA:113,5
DA:114,5
DA:115,0
DA:117,5
DA:120,2
DA:123,2
DA:124,0
DA:125,0
DA:130,2
DA:133,2
DA:134,2
DA:135,2
DA:141,2
DA:142,1
DA:143,1
DA:144,1
DA:148,2
DA:151,2
DA:152,0
DA:153,0
DA:154,0
DA:158,0
DA:162,2
DA:167,0
DA:168,0
DA:170,0
DA:176,0
DA:180,0
DA:181,0
DA:182,0
DA:186,0
DA:189,0
DA:190,0
DA:191,0
DA:194,0
DA:195,0
DA:197,0
DA:203,0
DA:204,0
DA:205,0
DA:209,2
LF:77
LH:32
BRDA:30,0,0,0
BRDA:30,0,1,0
BRDA:42,1,0,0
BRDA:42,1,1,0
BRDA:80,2,0,0
BRDA:80,2,1,0
BRDA:81,3,0,0
BRDA:81,3,1,0
BRDA:81,3,2,0
BRDA:81,3,3,0
BRDA:110,4,0,1
BRDA:110,4,1,4
BRDA:111,5,0,1
BRDA:111,5,1,4
BRDA:111,6,0,5
BRDA:111,6,1,4
BRDA:113,7,0,1
BRDA:113,7,1,4
BRDA:114,8,0,0
BRDA:114,8,1,5
BRDA:123,9,0,0
BRDA:123,9,1,2
BRDA:124,10,0,0
BRDA:124,10,1,0
BRDA:133,11,0,2
BRDA:133,11,1,0
BRDA:141,12,0,1
BRDA:141,12,1,1
BRDA:144,13,0,1
BRDA:144,13,1,0
BRDA:151,14,0,0
BRDA:151,14,1,2
BRDA:153,15,0,0
BRDA:153,15,1,0
BRDA:167,16,0,0
BRDA:167,16,1,0
BRDA:174,17,0,0
BRDA:180,18,0,0
BRDA:180,18,1,0
BRDA:180,19,0,0
BRDA:180,19,1,0
BRDA:181,20,0,0
BRDA:181,20,1,0
BRDA:197,21,0,0
BRDA:197,21,1,0
BRDA:203,22,0,0
BRDA:203,22,1,0
BRF:47
BRH:15
end_of_record
TN:
SF:player.js
FN:9,handleSocket
FN:11,(anonymous_1)
FN:32,(anonymous_2)
FN:99,(anonymous_3)
FN:145,(anonymous_4)
FN:164,(anonymous_5)
FNF:6
FNH:0
FNDA:0,handleSocket
FNDA:0,(anonymous_1)
FNDA:0,(anonymous_2)
FNDA:0,(anonymous_3)
FNDA:0,(anonymous_4)
FNDA:0,(anonymous_5)
DA:6,0
DA:11,0
DA:12,0
DA:13,0
DA:14,0
DA:19,0
DA:20,0
DA:23,0
DA:24,0
DA:32,0
DA:33,0
DA:34,0
DA:35,0
DA:41,0
DA:43,0
DA:44,0
DA:51,0
DA:52,0
DA:61,0
DA:62,0
DA:68,0
DA:69,0
DA:72,0
DA:82,0
DA:84,0
DA:90,0
DA:91,0
DA:99,0
DA:100,0
DA:101,0
DA:102,0
DA:108,0
DA:110,0
DA:111,0
DA:117,0
DA:119,0
DA:120,0
DA:127,0
DA:128,0
DA:130,0
DA:136,0
DA:137,0
DA:145,0
DA:146,0
DA:148,0
DA:155,0
DA:156,0
DA:164,0
DA:165,0
DA:171,0
LF:50
LH:0
BRDA:13,0,0,0
BRDA:13,0,1,0
BRDA:19,1,0,0
BRDA:19,1,1,0
BRDA:34,2,0,0
BRDA:34,2,1,0
BRDA:43,3,0,0
BRDA:43,3,1,0
BRDA:61,4,0,0
BRDA:61,4,1,0
BRDA:69,5,0,0
BRDA:69,5,1,0
BRDA:101,6,0,0
BRDA:101,6,1,0
BRDA:110,7,0,0
BRDA:110,7,1,0
BRDA:110,8,0,0
BRDA:110,8,1,0
BRDA:117,9,0,0
BRDA:117,9,1,0
BRDA:119,10,0,0
BRDA:119,10,1,0
BRDA:165,11,0,0
BRDA:165,11,1,0
BRDA:165,12,0,0
BRDA:165,12,1,0
BRF:26
BRH:0
end_of_record
TN:
SF:playlists.js
FN:7,handleSocket
FN:9,(anonymous_1)
FN:49,(anonymous_2)
FN:139,(anonymous_3)
FN:178,(anonymous_4)
FN:266,(anonymous_5)
FN:323,(anonymous_6)
FN:428,(anonymous_7)
FN:507,(anonymous_8)
FNF:9
FNH:0
FNDA:0,handleSocket
FNDA:0,(anonymous_1)
FNDA:0,(anonymous_2)
FNDA:0,(anonymous_3)
FNDA:0,(anonymous_4)
FNDA:0,(anonymous_5)
FNDA:0,(anonymous_6)
FNDA:0,(anonymous_7)
FNDA:0,(anonymous_8)
DA:4,0
DA:9,0
DA:10,0
DA:11,0
DA:13,0
DA:14,0
DA:21,0
DA:31,0
DA:40,0
DA:41,0
DA:49,0
DA:50,0
DA:51,0
DA:52,0
DA:54,0
DA:55,0
DA:62,0
DA:72,0
DA:73,0
DA:79,0
DA:82,0
DA:83,0
DA:88,0
DA:96,0
DA:97,0
DA:99,0
DA:116,0
DA:121,0
DA:129,0
DA:130,0
DA:139,0
DA:140,0
DA:141,0
DA:142,0
DA:148,0
DA:150,0
DA:151,0
DA:157,0
DA:162,0
DA:169,0
DA:170,0
DA:178,0
DA:179,0
DA:180,0
DA:181,0
DA:187,0
DA:189,0
DA:190,0
DA:197,0
DA:202,0
DA:203,0
DA:209,0
DA:213,0
DA:219,0
DA:220,0
DA:221,0
DA:223,0
DA:224,0
DA:225,0
DA:226,0
DA:230,0
DA:231,0
DA:237,0
DA:239,0
DA:247,0
DA:252,0
DA:257,0
DA:258,0
DA:266,0
DA:267,0
DA:268,0
DA:269,0
DA:275,0
DA:277,0
DA:278,0
DA:285,0
DA:290,0
DA:291,0
DA:297,0
DA:301,0
DA:308,0
DA:312,0
DA:314,0
DA:315,0
DA:323,0
DA:324,0
DA:325,0
DA:326,0
DA:327,0
DA:333,0
DA:335,0
DA:336,0
DA:343,0
DA:348,0
DA:349,0
DA:355,0
DA:359,0
DA:366,0
DA:371,0
DA:372,0
DA:379,0
DA:384,0
DA:385,0
DA:386,0
DA:393,0
DA:399,0
DA:405,0
DA:409,0
DA:412,0
DA:417,0
DA:419,0
DA:420,0
DA:428,0
DA:429,0
DA:430,0
DA:431,0
DA:437,0
DA:439,0
DA:440,0
DA:447,0
DA:452,0
DA:453,0
DA:459,0
DA:463,0
DA:470,0
DA:476,0
DA:491,0
DA:496,0
DA:498,0
DA:499,0
DA:507,0
DA:508,0
DA:509,0
DA:511,0
DA:512,0
DA:519,0
DA:524,0
DA:525,0
DA:531,0
DA:534,0
DA:540,0
DA:546,0
DA:548,0
DA:550,0
DA:551,0
DA:559,0
LF:146
LH:0
BRDA:11,0,0,0
BRDA:13,1,0,0
BRDA:13,1,1,0
BRDA:54,2,0,0
BRDA:54,2,1,0
BRDA:72,3,0,0
BRDA:72,3,1,0
BRDA:82,4,0,0
BRDA:82,4,1,0
BRDA:83,5,0,0
BRDA:83,5,1,0
BRDA:84,6,0,0
BRDA:84,6,1,0
BRDA:84,6,2,0
BRDA:96,7,0,0
BRDA:96,8,0,0
BRDA:141,9,0,0
BRDA:141,9,1,0
BRDA:148,10,0,0
BRDA:150,11,0,0
BRDA:150,11,1,0
BRDA:159,12,0,0
BRDA:159,12,1,0
BRDA:180,13,0,0
BRDA:180,13,1,0
BRDA:189,14,0,0
BRDA:189,14,1,0
BRDA:202,15,0,0
BRDA:202,15,1,0
BRDA:209,16,0,0
BRDA:209,16,1,0
BRDA:210,17,0,0
BRDA:210,17,1,0
BRDA:224,18,0,0
BRDA:224,18,1,0
BRDA:230,19,0,0
BRDA:230,19,1,0
BRDA:268,20,0,0
BRDA:268,20,1,0
BRDA:277,21,0,0
BRDA:277,21,1,0
BRDA:290,22,0,0
BRDA:290,22,1,0
BRDA:297,23,0,0
BRDA:297,23,1,0
BRDA:298,24,0,0
BRDA:298,24,1,0
BRDA:326,25,0,0
BRDA:326,25,1,0
BRDA:335,26,0,0
BRDA:335,26,1,0
BRDA:335,27,0,0
BRDA:335,27,1,0
BRDA:348,28,0,0
BRDA:348,28,1,0
BRDA:355,29,0,0
BRDA:355,29,1,0
BRDA:356,30,0,0
BRDA:356,30,1,0
BRDA:371,31,0,0
BRDA:371,31,1,0
BRDA:384,32,0,0
BRDA:384,32,1,0
BRDA:430,33,0,0
BRDA:430,33,1,0
BRDA:439,34,0,0
BRDA:439,34,1,0
BRDA:439,35,0,0
BRDA:439,35,1,0
BRDA:452,36,0,0
BRDA:452,36,1,0
BRDA:459,37,0,0
BRDA:459,37,1,0
BRDA:460,38,0,0
BRDA:460,38,1,0
BRDA:511,39,0,0
BRDA:511,39,1,0
BRDA:524,40,0,0
BRDA:524,40,1,0
BRDA:534,41,0,0
BRDA:534,41,1,0
BRDA:535,42,0,0
BRDA:535,42,1,0
BRDA:535,42,2,0
BRDA:535,42,3,0
BRF:85
BRH:0
end_of_record
TN:
SF:server.js
FN:29,(anonymous_0)
FN:65,(anonymous_1)
FN:88,(anonymous_2)
FN:106,ogRateLimiter
FN:121,(anonymous_4)
FN:133,(anonymous_5)
FN:165,(anonymous_6)
FN:213,(anonymous_7)
FN:249,(anonymous_8)
FN:288,(anonymous_9)
FN:316,(anonymous_10)
FN:319,(anonymous_11)
FN:328,(anonymous_12)
FN:339,(anonymous_13)
FN:340,(anonymous_14)
FN:341,(anonymous_15)
FN:342,(anonymous_16)
FN:343,(anonymous_17)
FN:344,(anonymous_18)
FN:351,(anonymous_19)
FN:364,(anonymous_20)
FN:373,(anonymous_21)
FN:380,(anonymous_22)
FN:385,(anonymous_23)
FN:389,(anonymous_24)
FN:390,(anonymous_25)
FN:392,gracefulShutdown
FN:396,(anonymous_27)
FN:401,(anonymous_28)
FN:421,(anonymous_29)
FN:430,(anonymous_30)
FN:440,startCLI
FN:459,(anonymous_32)
FN:476,(anonymous_33)
FN:486,writeWithPrompt
FN:491,(anonymous_35)
FN:503,(anonymous_36)
FN:504,(anonymous_37)
FN:505,(anonymous_38)
FN:509,(anonymous_39)
FN:629,addUser
FN:662,listUsers
FN:680,(anonymous_42)
FN:699,resetPassword
FN:728,makeAdmin
FN:751,showStatus
FN:790,showUploads
FN:817,debugUsers
FN:828,(anonymous_48)
FN:847,setupDatabase
FN:860,migrateDatabase
FN:895,backupDatabase
FN:926,restoreDatabase
FN:943,createAdmin
FNF:54
FNH:0
FNDA:0,(anonymous_0)
FNDA:0,(anonymous_1)
FNDA:0,(anonymous_2)
FNDA:0,ogRateLimiter
FNDA:0,(anonymous_4)
FNDA:0,(anonymous_5)
FNDA:0,(anonymous_6)
FNDA:0,(anonymous_7)
FNDA:0,(anonymous_8)
FNDA:0,(anonymous_9)
FNDA:0,(anonymous_10)
FNDA:0,(anonymous_11)
FNDA:0,(anonymous_12)
FNDA:0,(anonymous_13)
FNDA:0,(anonymous_14)
FNDA:0,(anonymous_15)
FNDA:0,(anonymous_16)
FNDA:0,(anonymous_17)
FNDA:0,(anonymous_18)
FNDA:0,(anonymous_19)
FNDA:0,(anonymous_20)
FNDA:0,(anonymous_21)
FNDA:0,(anonymous_22)
FNDA:0,(anonymous_23)
FNDA:0,(anonymous_24)
FNDA:0,(anonymous_25)
FNDA:0,gracefulShutdown
FNDA:0,(anonymous_27)
FNDA:0,(anonymous_28)
FNDA:0,(anonymous_29)
FNDA:0,(anonymous_30)
FNDA:0,startCLI
FNDA:0,(anonymous_32)
FNDA:0,(anonymous_33)
FNDA:0,writeWithPrompt
FNDA:0,(anonymous_35)
FNDA:0,(anonymous_36)
FNDA:0,(anonymous_37)
FNDA:0,(anonymous_38)
FNDA:0,(anonymous_39)
FNDA:0,addUser
FNDA:0,listUsers
FNDA:0,(anonymous_42)
FNDA:0,resetPassword
FNDA:0,makeAdmin
FNDA:0,showStatus
FNDA:0,showUploads
FNDA:0,debugUsers
FNDA:0,(anonymous_48)
FNDA:0,setupDatabase
FNDA:0,migrateDatabase
FNDA:0,backupDatabase
FNDA:0,restoreDatabase
FNDA:0,createAdmin
DA:4,0
DA:5,0
DA:6,0
DA:7,0
DA:8,0
DA:9,0
DA:10,0
DA:11,0
DA:14,0
DA:15,0
DA:17,0
DA:18,0
DA:19,0
DA:20,0
DA:21,0
DA:22,0
DA:24,0
DA:25,0
DA:28,0
DA:29,0
DA:30,0
DA:31,0
DA:33,0
DA:39,0
DA:63,0
DA:67,0
DA:69,0
DA:70,0
DA:71,0
DA:75,0
DA:76,0
DA:78,0
DA:79,0
DA:88,0
DA:89,0
DA:90,0
DA:91,0
DA:95,0
DA:96,0
DA:97,0
DA:100,0
DA:103,0
DA:104,0
DA:108,0
DA:112,0
DA:113,0
DA:115,0
DA:116,0
DA:119,0
DA:120,0
DA:121,0
DA:124,0
DA:125,0
DA:128,0
DA:129,0
DA:130,0
DA:133,0
DA:134,0
DA:135,0
DA:136,0
DA:137,0
DA:148,0
DA:149,0
DA:152,0
DA:153,0
DA:160,0
DA:161,0
DA:165,0
DA:166,0
DA:167,0
DA:168,0
DA:171,0
DA:172,0
DA:180,0
DA:182,0
DA:191,0
DA:194,0
DA:196,0
DA:197,0
DA:200,0
DA:201,0
DA:208,0
DA:209,0
DA:213,0
DA:214,0
DA:215,0
DA:216,0
DA:217,0
DA:232,0
DA:233,0
DA:236,0
DA:237,0
DA:244,0
DA:245,0
DA:249,0
DA:250,0
DA:251,0
DA:252,0
DA:253,0
DA:268,0
DA:269,0
DA:272,0
DA:273,0
DA:280,0
DA:281,0
DA:286,0
DA:288,0
DA:289,0
DA:293,0
DA:301,0
DA:306,0
DA:314,0
DA:317,0
DA:320,0
DA:321,0
DA:325,0
DA:328,0
DA:329,0
DA:338,0
DA:339,0
DA:340,0
DA:341,0
DA:342,0
DA:343,0
DA:344,0
DA:348,0
DA:351,0
DA:352,0
DA:354,0
DA:358,0
DA:359,0
DA:360,0
DA:364,0
DA:365,0
DA:367,0
DA:368,0
DA:369,0
DA:372,0
DA:373,0
DA:374,0
DA:380,0
DA:381,0
DA:382,0
DA:385,0
DA:386,0
DA:389,0
DA:390,0
DA:393,0
DA:396,0
DA:397,0
DA:401,0
DA:402,0
DA:406,0
DA:407,0
DA:409,0
DA:413,0
DA:414,0
DA:415,0
DA:417,0
DA:421,0
DA:422,0
DA:423,0
DA:426,0
DA:430,0
DA:431,0
DA:432,0
DA:433,0
DA:436,0
DA:441,0
DA:442,0
DA:445,0
DA:446,0
DA:447,0
DA:448,0
DA:450,0
DA:451,0
DA:452,0
DA:455,0
DA:460,0
DA:476,0
DA:477,0
DA:487,0
DA:488,0
DA:490,0
DA:492,0
DA:493,0
DA:495,0
DA:499,0
DA:500,0
DA:503,0
DA:504,0
DA:505,0
DA:507,0
DA:509,0
DA:510,0
DA:512,0
DA:513,0
DA:515,0
DA:516,0
DA:519,0
DA:522,0
DA:525,0
DA:528,0
DA:529,0
DA:532,0
DA:535,0
DA:538,0
DA:541,0
DA:544,0
DA:545,0
DA:548,0
DA:551,0
DA:554,0
DA:557,0
DA:560,0
DA:563,0
DA:564,0
DA:567,0
DA:568,0
DA:571,0
DA:572,0
DA:575,0
DA:576,0
DA:579,0
DA:580,0
DA:583,0
DA:584,0
DA:587,0
DA:588,0
DA:591,0
DA:592,0
DA:595,0
DA:596,0
DA:599,0
DA:600,0
DA:603,0
DA:604,0
DA:607,0
DA:608,0
DA:611,0
DA:612,0
DA:615,0
DA:618,0
DA:623,0
DA:626,0
DA:630,0
DA:631,0
DA:632,0
DA:635,0
DA:639,0
DA:640,0
DA:641,0
DA:644,0
DA:645,0
DA:646,0
DA:649,0
DA:654,0
DA:655,0
DA:656,0
DA:663,0
DA:672,0
DA:673,0
DA:676,0
DA:680,0
DA:681,0
DA:682,0
DA:685,0
DA:687,0
DA:700,0
DA:701,0
DA:702,0
DA:705,0
DA:709,0
DA:710,0
DA:711,0
DA:714,0
DA:715,0
DA:721,0
DA:725,0
DA:729,0
DA:730,0
DA:731,0
DA:734,0
DA:739,0
DA:740,0
DA:741,0
DA:744,0
DA:752,0
DA:755,0
DA:758,0
DA:761,0
DA:764,0
DA:767,0
DA:771,0
DA:772,0
DA:773,0
DA:774,0
DA:775,0
DA:776,0
DA:777,0
DA:778,0
DA:779,0
DA:782,0
DA:783,0
DA:791,0
DA:792,0
DA:794,0
DA:796,0
DA:797,0
DA:799,0
DA:800,0
DA:802,0
DA:803,0
DA:804,0
DA:806,0
DA:818,0
DA:819,0
DA:822,0
DA:823,0
DA:825,0
DA:826,0
DA:827,0
DA:828,0
DA:829,0
DA:832,0
DA:839,0
DA:840,0
DA:843,0
DA:848,0
DA:849,0
DA:850,0
DA:851,0
DA:852,0
DA:853,0
DA:854,0
DA:856,0
DA:861,0
DA:862,0
DA:864,0
DA:865,0
DA:866,0
DA:869,0
DA:871,0
DA:876,0
DA:877,0
DA:878,0
DA:879,0
DA:882,0
DA:883,0
DA:884,0
DA:885,0
DA:889,0
DA:891,0
DA:896,0
DA:897,0
DA:899,0
DA:901,0
DA:902,0
DA:903,0
DA:913,0
DA:914,0
DA:917,0
DA:918,0
DA:919,0
DA:920,0
DA:922,0
DA:927,0
DA:928,0
DA:929,0
DA:930,0
DA:932,0
DA:933,0
DA:934,0
DA:937,0
DA:939,0
DA:944,0
DA:945,0
DA:946,0
DA:949,0
DA:950,0
DA:954,0
DA:955,0
DA:956,0
DA:959,0
DA:960,0
DA:964,0
DA:968,0
DA:973,0
LF:388
LH:0
BRDA:28,0,0,0
BRDA:28,0,1,0
BRDA:30,1,0,0
BRDA:30,1,1,0
BRDA:67,2,0,0
BRDA:67,2,1,0
BRDA:70,3,0,0
BRDA:70,3,1,0
BRDA:72,4,0,0
BRDA:72,4,1,0
BRDA:75,5,0,0
BRDA:75,5,1,0
BRDA:108,6,0,0
BRDA:108,6,1,0
BRDA:108,6,2,0
BRDA:108,6,3,0
BRDA:115,7,0,0
BRDA:115,7,1,0
BRDA:124,8,0,0
BRDA:124,8,1,0
BRDA:148,9,0,0
BRDA:148,9,1,0
BRDA:171,10,0,0
BRDA:171,10,1,0
BRDA:187,11,0,0
BRDA:187,11,1,0
BRDA:191,12,0,0
BRDA:191,12,1,0
BRDA:196,13,0,0
BRDA:196,13,1,0
BRDA:232,14,0,0
BRDA:232,14,1,0
BRDA:268,15,0,0
BRDA:268,15,1,0
BRDA:293,16,0,0
BRDA:293,16,1,0
BRDA:301,17,0,0
BRDA:301,17,1,0
BRDA:332,18,0,0
BRDA:332,18,1,0
BRDA:354,19,0,0
BRDA:354,19,1,0
BRDA:355,20,0,0
BRDA:355,20,1,0
BRDA:367,21,0,0
BRDA:367,21,1,0
BRDA:372,22,0,0
BRDA:372,22,1,0
BRDA:432,23,0,0
BRDA:432,23,1,0
BRDA:458,24,0,0
BRDA:458,24,1,0
BRDA:477,25,0,0
BRDA:477,25,1,0
BRDA:492,26,0,0
BRDA:492,26,1,0
BRDA:492,27,0,0
BRDA:492,27,1,0
BRDA:513,28,0,0
BRDA:513,28,1,0
BRDA:513,28,2,0
BRDA:513,28,3,0
BRDA:513,28,4,0
BRDA:513,28,5,0
BRDA:513,28,6,0
BRDA:513,28,7,0
BRDA:513,28,8,0
BRDA:513,28,9,0
BRDA:513,28,10,0
BRDA:513,28,11,0
BRDA:513,28,12,0
BRDA:513,28,13,0
BRDA:513,28,14,0
BRDA:513,28,15,0
BRDA:629,29,0,0
BRDA:630,30,0,0
BRDA:630,30,1,0
BRDA:639,31,0,0
BRDA:639,31,1,0
BRDA:645,32,0,0
BRDA:645,32,1,0
BRDA:655,33,0,0
BRDA:655,33,1,0
BRDA:682,34,0,0
BRDA:682,34,1,0
BRDA:685,35,0,0
BRDA:685,35,1,0
BRDA:690,36,0,0
BRDA:690,36,1,0
BRDA:700,37,0,0
BRDA:700,37,1,0
BRDA:700,38,0,0
BRDA:700,38,1,0
BRDA:709,39,0,0
BRDA:709,39,1,0
BRDA:728,40,0,0
BRDA:729,41,0,0
BRDA:729,41,1,0
BRDA:739,42,0,0
BRDA:739,42,1,0
BRDA:746,43,0,0
BRDA:746,43,1,0
BRDA:778,44,0,0
BRDA:778,44,1,0
BRDA:779,45,0,0
BRDA:779,45,1,0
BRDA:796,46,0,0
BRDA:796,46,1,0
BRDA:796,47,0,0
BRDA:796,47,1,0
BRDA:825,48,0,0
BRDA:825,48,1,0
BRDA:834,49,0,0
BRDA:834,49,1,0
BRDA:835,50,0,0
BRDA:835,50,1,0
BRDA:869,51,0,0
BRDA:869,51,1,0
BRDA:877,52,0,0
BRDA:877,52,1,0
BRDA:899,53,0,0
BRDA:899,53,1,0
BRDA:918,54,0,0
BRDA:918,54,1,0
BRDA:919,55,0,0
BRDA:919,55,1,0
BRDA:928,56,0,0
BRDA:928,56,1,0
BRDA:944,57,0,0
BRDA:944,57,1,0
BRDA:944,58,0,0
BRDA:944,58,1,0
BRDA:954,59,0,0
BRDA:954,59,1,0
BRF:134
BRH:0
end_of_record
TN:
SF:songs.js
FN:36,handleSocket
FN:38,(anonymous_1)
FN:71,(anonymous_2)
FN:97,(anonymous_3)
FN:126,(anonymous_4)
FN:164,(anonymous_5)
FN:190,(anonymous_6)
FN:215,(anonymous_7)
FN:263,(anonymous_8)
FN:290,(anonymous_9)
FN:350,(anonymous_10)
FN:408,(anonymous_11)
FN:430,(anonymous_12)
FN:472,(anonymous_13)
FN:528,(anonymous_14)
FN:572,(anonymous_15)
FN:630,(anonymous_16)
FNF:17
FNH:0
FNDA:0,handleSocket
FNDA:0,(anonymous_1)
FNDA:0,(anonymous_2)
FNDA:0,(anonymous_3)
FNDA:0,(anonymous_4)
FNDA:0,(anonymous_5)
FNDA:0,(anonymous_6)
FNDA:0,(anonymous_7)
FNDA:0,(anonymous_8)
FNDA:0,(anonymous_9)
FNDA:0,(anonymous_10)
FNDA:0,(anonymous_11)
FNDA:0,(anonymous_12)
FNDA:0,(anonymous_13)
FNDA:0,(anonymous_14)
FNDA:0,(anonymous_15)
FNDA:0,(anonymous_16)
DA:8,0
DA:13,0
DA:15,0
DA:16,0
DA:17,0
DA:18,0
DA:19,0
DA:20,0
DA:21,0
DA:23,0
DA:30,0
DA:33,0
DA:38,0
DA:39,0
DA:40,0
DA:41,0
DA:44,0
DA:45,0
DA:48,0
DA:51,0
DA:52,0
DA:55,0
DA:56,0
DA:65,0
DA:66,0
DA:71,0
DA:72,0
DA:73,0
DA:74,0
DA:77,0
DA:79,0
DA:80,0
DA:83,0
DA:85,0
DA:86,0
DA:89,0
DA:91,0
DA:92,0
DA:97,0
DA:98,0
DA:99,0
DA:100,0
DA:103,0
DA:104,0
DA:111,0
DA:112,0
DA:118,0
DA:120,0
DA:121,0
DA:126,0
DA:127,0
DA:128,0
DA:129,0
DA:136,0
DA:138,0
DA:139,0
DA:142,0
DA:150,0
DA:152,0
DA:153,0
DA:164,0
DA:165,0
DA:166,0
DA:167,0
DA:173,0
DA:175,0
DA:176,0
DA:179,0
DA:181,0
DA:182,0
DA:190,0
DA:191,0
DA:192,0
DA:193,0
DA:199,0
DA:201,0
DA:202,0
DA:209,0
DA:214,0
DA:215,0
DA:217,0
DA:218,0
DA:224,0
DA:225,0
DA:226,0
DA:228,0
DA:229,0
DA:230,0
DA:231,0
DA:235,0
DA:236,0
DA:237,0
DA:240,0
DA:244,0
DA:249,0
DA:254,0
DA:255,0
DA:263,0
DA:264,0
DA:265,0
DA:266,0
DA:269,0
DA:271,0
DA:278,0
DA:280,0
DA:281,0
DA:290,0
DA:291,0
DA:292,0
DA:293,0
DA:299,0
DA:302,0
DA:307,0
DA:308,0
DA:314,0
DA:318,0
DA:324,0
DA:327,0
DA:328,0
DA:329,0
DA:333,0
DA:337,0
DA:339,0
DA:341,0
DA:342,0
DA:350,0
DA:351,0
DA:352,0
DA:353,0
DA:359,0
DA:361,0
DA:362,0
DA:368,0
DA:379,0
DA:380,0
DA:386,0
DA:388,0
DA:399,0
DA:400,0
DA:408,0
DA:409,0
DA:410,0
DA:412,0
DA:413,0
DA:416,0
DA:422,0
DA:424,0
DA:425,0
DA:430,0
DA:431,0
DA:432,0
DA:434,0
DA:435,0
DA:441,0
DA:446,0
DA:458,0
DA:463,0
DA:464,0
DA:472,0
DA:473,0
DA:474,0
DA:475,0
DA:488,0
DA:491,0
DA:501,0
DA:502,0
DA:508,0
DA:509,0
DA:512,0
DA:519,0
DA:520,0
DA:528,0
DA:529,0
DA:530,0
DA:531,0
DA:534,0
DA:535,0
DA:537,0
DA:550,0
DA:557,0
DA:566,0
DA:567,0
DA:572,0
DA:573,0
DA:574,0
DA:575,0
DA:578,0
DA:580,0
DA:581,0
DA:588,0
DA:589,0
DA:592,0
DA:606,0
DA:617,0
DA:624,0
DA:625,0
DA:630,0
DA:631,0
DA:632,0
DA:634,0
DA:635,0
DA:643,0
DA:658,0
DA:668,0
DA:674,0
DA:675,0
DA:683,0
LF:207
LH:0
BRDA:40,0,0,0
BRDA:40,0,1,0
BRDA:44,1,0,0
BRDA:44,1,1,0
BRDA:48,2,0,0
BRDA:48,3,0,0
BRDA:48,4,0,0
BRDA:51,5,0,0
BRDA:51,5,1,0
BRDA:73,6,0,0
BRDA:73,6,1,0
BRDA:79,7,0,0
BRDA:79,7,1,0
BRDA:85,8,0,0
BRDA:85,8,1,0
BRDA:99,9,0,0
BRDA:99,9,1,0
BRDA:103,10,0,0
BRDA:103,10,1,0
BRDA:128,11,0,0
BRDA:128,11,1,0
BRDA:138,12,0,0
BRDA:138,12,1,0
BRDA:150,13,0,0
BRDA:150,13,1,0
BRDA:156,14,0,0
BRDA:156,14,1,0
BRDA:166,15,0,0
BRDA:166,15,1,0
BRDA:175,16,0,0
BRDA:175,16,1,0
BRDA:192,17,0,0
BRDA:192,17,1,0
BRDA:201,18,0,0
BRDA:201,18,1,0
BRDA:214,19,0,0
BRDA:214,19,1,0
BRDA:217,20,0,0
BRDA:217,20,1,0
BRDA:229,21,0,0
BRDA:229,21,1,0
BRDA:235,22,0,0
BRDA:235,22,1,0
BRDA:265,23,0,0
BRDA:265,23,1,0
BRDA:284,24,0,0
BRDA:284,24,1,0
BRDA:292,25,0,0
BRDA:292,25,1,0
BRDA:307,26,0,0
BRDA:307,26,1,0
BRDA:314,27,0,0
BRDA:314,27,1,0
BRDA:315,28,0,0
BRDA:315,28,1,0
BRDA:327,29,0,0
BRDA:327,29,1,0
BRDA:352,30,0,0
BRDA:352,30,1,0
BRDA:361,31,0,0
BRDA:361,31,1,0
BRDA:379,32,0,0
BRDA:379,32,1,0
BRDA:412,33,0,0
BRDA:412,33,1,0
BRDA:418,34,0,0
BRDA:418,34,1,0
BRDA:434,35,0,0
BRDA:434,35,1,0
BRDA:474,36,0,0
BRDA:474,36,1,0
BRDA:501,37,0,0
BRDA:501,37,1,0
BRDA:509,38,0,0
BRDA:509,38,1,0
BRDA:530,39,0,0
BRDA:530,39,1,0
BRDA:534,40,0,0
BRDA:534,41,0,0
BRDA:574,42,0,0
BRDA:574,42,1,0
BRDA:578,43,0,0
BRDA:578,44,0,0
BRDA:580,45,0,0
BRDA:580,45,1,0
BRDA:580,46,0,0
BRDA:580,46,1,0
BRDA:632,47,0,0
BRDA:632,48,0,0
BRDA:634,49,0,0
BRDA:634,49,1,0
BRF:91
BRH:0
end_of_record
TN:
SF:users.js
FN:19,handleSocket
FN:21,(anonymous_1)
FN:103,(anonymous_2)
FN:183,(anonymous_3)
FN:246,(anonymous_4)
FN:294,(anonymous_5)
FNF:6
FNH:0
FNDA:0,handleSocket
FNDA:0,(anonymous_1)
FNDA:0,(anonymous_2)
FNDA:0,(anonymous_3)
FNDA:0,(anonymous_4)
FNDA:0,(anonymous_5)
DA:4,0
DA:6,0
DA:7,0
DA:9,0
DA:16,0
DA:21,0
DA:22,0
DA:23,0
DA:25,0
DA:26,0
DA:33,0
DA:38,0
DA:39,0
DA:45,0
DA:48,0
DA:53,0
DA:59,0
DA:71,0
DA:80,0
DA:87,0
DA:94,0
DA:95,0
DA:103,0
DA:104,0
DA:105,0
DA:106,0
DA:112,0
DA:115,0
DA:116,0
DA:122,0
DA:123,0
DA:124,0
DA:126,0
DA:127,0
DA:128,0
DA:129,0
DA:133,0
DA:134,0
DA:141,0
DA:142,0
DA:147,0
DA:148,0
DA:155,0
DA:157,0
DA:163,0
DA:168,0
DA:174,0
DA:175,0
DA:183,0
DA:184,0
DA:185,0
DA:186,0
DA:192,0
DA:195,0
DA:196,0
DA:202,0
DA:203,0
DA:210,0
DA:211,0
DA:214,0
DA:215,0
DA:222,0
DA:223,0
DA:226,0
DA:231,0
DA:237,0
DA:238,0
DA:246,0
DA:247,0
DA:248,0
DA:250,0
DA:251,0
DA:257,0
DA:262,0
DA:267,0
DA:278,0
DA:285,0
DA:286,0
DA:294,0
DA:295,0
DA:296,0
DA:298,0
DA:299,0
DA:305,0
DA:307,0
DA:320,0
DA:325,0
DA:332,0
DA:333,0
DA:341,0
LF:90
LH:0
BRDA:25,0,0,0
BRDA:25,0,1,0
BRDA:38,1,0,0
BRDA:38,1,1,0
BRDA:105,2,0,0
BRDA:105,2,1,0
BRDA:115,3,0,0
BRDA:115,3,1,0
BRDA:115,4,0,0
BRDA:115,4,1,0
BRDA:127,5,0,0
BRDA:127,5,1,0
BRDA:133,6,0,0
BRDA:133,6,1,0
BRDA:141,7,0,0
BRDA:141,7,1,0
BRDA:147,8,0,0
BRDA:147,8,1,0
BRDA:185,9,0,0
BRDA:185,9,1,0
BRDA:195,10,0,0
BRDA:195,10,1,0
BRDA:195,11,0,0
BRDA:195,11,1,0
BRDA:202,12,0,0
BRDA:202,12,1,0
BRDA:214,13,0,0
BRDA:214,13,1,0
BRDA:250,14,0,0
BRDA:250,14,1,0
BRDA:296,15,0,0
BRDA:296,16,0,0
BRDA:298,17,0,0
BRDA:298,17,1,0
BRF:34
BRH:0
end_of_record
TN:
SF:version.js
FN:6,(anonymous_0)
FN:14,(anonymous_1)
FN:19,(anonymous_2)
FN:43,(anonymous_3)
FN:58,(anonymous_4)
FN:67,(anonymous_5)
FN:72,(anonymous_6)
FN:92,(anonymous_7)
FN:108,(anonymous_8)
FN:112,(anonymous_9)
FN:113,(anonymous_10)
FNF:11
FNH:0
FNDA:0,(anonymous_0)
FNDA:0,(anonymous_1)
FNDA:0,(anonymous_2)
FNDA:0,(anonymous_3)
FNDA:0,(anonymous_4)
FNDA:0,(anonymous_5)
FNDA:0,(anonymous_6)
FNDA:0,(anonymous_7)
FNDA:0,(anonymous_8)
FNDA:0,(anonymous_9)
FNDA:0,(anonymous_10)
DA:1,0
DA:2,0
DA:3,0
DA:7,0
DA:8,0
DA:9,0
DA:10,0
DA:11,0
DA:15,0
DA:16,0
DA:20,0
DA:21,0
DA:22,0
DA:23,0
DA:24,0
DA:25,0
DA:26,0
DA:28,0
DA:29,0
DA:30,0
DA:31,0
DA:32,0
DA:35,0
DA:36,0
DA:37,0
DA:38,0
DA:39,0
DA:44,0
DA:45,0
DA:51,0
DA:52,0
DA:54,0
DA:59,0
DA:60,0
DA:61,0
DA:62,0
DA:63,0
DA:64,0
DA:68,0
DA:69,0
DA:73,0
DA:74,0
DA:76,0
DA:87,0
DA:92,0
DA:93,0
DA:94,0
DA:97,0
DA:98,0
DA:99,0
DA:101,0
DA:102,0
DA:103,0
DA:105,0
DA:109,0
DA:113,0
DA:114,0
DA:122,0
LF:58
LH:0
BRDA:21,0,0,0
BRDA:21,0,1,0
BRDA:24,1,0,0
BRDA:24,1,1,0
BRDA:25,2,0,0
BRDA:25,2,1,0
BRDA:69,3,0,0
BRDA:69,3,1,0
BRF:8
BRH:0
end_of_record
TN:
SF:config\index.js
FNF:0
FNH:0
DA:4,0
DA:5,0
DA:7,0
DA:9,0
DA:63,0
LF:5
LH:0
BRDA:12,0,0,0
BRDA:12,0,1,0
BRDA:13,1,0,0
BRDA:13,1,1,0
BRDA:21,2,0,0
BRDA:21,2,1,0
BRDA:22,3,0,0
BRDA:22,3,1,0
BRDA:23,4,0,0
BRDA:23,4,1,0
BRDA:24,5,0,0
BRDA:24,5,1,0
BRDA:25,6,0,0
BRDA:25,6,1,0
BRDA:32,7,0,0
BRDA:32,7,1,0
BRDA:33,8,0,0
BRDA:33,8,1,0
BRDA:38,9,0,0
BRDA:38,9,1,0
BRDA:39,10,0,0
BRDA:39,10,1,0
BRDA:44,11,0,0
BRDA:44,11,1,0
BRDA:45,12,0,0
BRDA:45,12,1,0
BRDA:50,13,0,0
BRDA:50,13,1,0
BRDA:55,14,0,0
BRDA:55,14,1,0
BRDA:59,15,0,0
BRDA:59,15,1,0
BRF:32
BRH:0
end_of_record
TN:
SF:middleware\rateLimiter.js
FN:23,getRateLimit
FN:27,rateLimiter
FN:54,checkLimit
FN:62,(anonymous_3)
FN:74,(anonymous_4)
FN:79,(anonymous_5)
FNF:6
FNH:0
FNDA:0,getRateLimit
FNDA:0,rateLimiter
FNDA:0,checkLimit
FNDA:0,(anonymous_3)
FNDA:0,(anonymous_4)
FNDA:0,(anonymous_5)
DA:5,1
DA:7,1
DA:21,1
DA:24,0
DA:28,0
DA:29,0
DA:32,0
DA:33,0
DA:34,0
DA:36,0
DA:37,0
DA:40,0
DA:41,0
DA:42,0
DA:46,0
DA:47,0
DA:48,0
DA:51,0
DA:55,0
DA:57,0
DA:58,0
DA:61,0
DA:62,0
DA:64,0
DA:65,0
DA:68,0
DA:69,0
DA:70,0
DA:74,1
DA:75,0
DA:76,0
DA:78,0
DA:79,0
DA:80,0
DA:81,0
DA:83,0
DA:88,1
LF:37
LH:5
BRDA:24,0,0,0
BRDA:24,0,1,0
BRDA:29,1,0,0
BRDA:29,1,1,0
BRDA:32,2,0,0
BRDA:32,2,1,0
BRDA:40,3,0,0
BRDA:40,3,1,0
BRDA:41,4,0,0
BRDA:41,4,1,0
BRDA:46,5,0,0
BRDA:46,5,1,0
BRDA:46,6,0,0
BRDA:46,6,1,0
BRDA:57,7,0,0
BRDA:57,7,1,0
BRDA:64,8,0,0
BRDA:64,8,1,0
BRDA:80,9,0,0
BRDA:80,9,1,0
BRF:20
BRH:0
end_of_record
TN:
SF:middleware\sqlSecurity.js
FN:24,detectSQLInjection
FN:27,(anonymous_1)
FN:31,sanitizeForDB
FN:43,isValidJWT
FN:64,validateQueryParams
FN:67,(anonymous_5)
FN:94,validateUserInput
FN:105,(anonymous_7)
FNF:8
FNH:5
FNDA:5,detectSQLInjection
FNDA:41,(anonymous_1)
FNDA:0,sanitizeForDB
FNDA:2,isValidJWT
FNDA:4,validateQueryParams
FNDA:7,(anonymous_5)
FNDA:0,validateUserInput
FNDA:0,(anonymous_7)
DA:9,2
DA:25,5
DA:27,41
DA:32,0
DA:35,0
DA:44,2
DA:45,2
DA:48,0
DA:50,0
DA:51,0
DA:54,0
DA:55,0
DA:57,0
DA:59,0
DA:65,4
DA:67,4
DA:68,7
DA:70,5
DA:71,0
DA:74,5
DA:75,5
DA:78,2
DA:79,1
DA:86,1
DA:87,1
DA:89,0
DA:95,0
DA:97,0
DA:105,0
DA:108,2
LF:30
LH:16
BRDA:25,0,0,0
BRDA:25,0,1,5
BRDA:32,1,0,0
BRDA:32,1,1,0
BRDA:44,2,0,2
BRDA:44,2,1,0
BRDA:51,3,0,0
BRDA:51,3,1,0
BRDA:64,4,0,3
BRDA:65,5,0,0
BRDA:65,5,1,4
BRDA:68,6,0,5
BRDA:68,6,1,2
BRDA:70,7,0,0
BRDA:70,7,1,5
BRDA:70,8,0,5
BRDA:70,8,1,2
BRDA:74,9,0,0
BRDA:74,9,1,5
BRDA:78,10,0,1
BRDA:78,10,1,1
BRDA:80,11,0,1
BRDA:80,11,1,1
BRDA:80,11,2,1
BRDA:86,12,0,1
BRDA:86,12,1,0
BRDA:89,13,0,0
BRDA:89,13,1,0
BRDA:95,14,0,0
BRDA:95,14,1,0
BRDA:105,15,0,0
BRDA:105,15,1,0
BRF:32
BRH:16
end_of_record
TN:
SF:middleware\validation.js
FN:7,sanitizeString
FN:13,validateSongMetadata
FN:40,validateUserInput
FNF:3
FNH:0
FNDA:0,sanitizeString
FNDA:0,validateSongMetadata
FNDA:0,validateUserInput
DA:4,0
DA:8,0
DA:9,0
DA:14,0
DA:16,0
DA:17,0
DA:18,0
DA:21,0
DA:22,0
DA:25,0
DA:26,0
DA:30,0
DA:31,0
DA:32,0
DA:33,0
DA:36,0
DA:41,0
DA:43,0
DA:44,0
DA:47,0
DA:48,0
DA:51,0
DA:54,0
LF:23
LH:0
BRDA:8,0,0,0
BRDA:8,0,1,0
BRDA:16,1,0,0
BRDA:16,1,1,0
BRDA:17,2,0,0
BRDA:17,2,1,0
BRDA:17,3,0,0
BRDA:17,3,1,0
BRDA:21,4,0,0
BRDA:21,4,1,0
BRDA:21,5,0,0
BRDA:21,5,1,0
BRDA:25,6,0,0
BRDA:25,6,1,0
BRDA:25,7,0,0
BRDA:25,7,1,0
BRDA:30,8,0,0
BRDA:30,8,1,0
BRDA:31,9,0,0
BRDA:31,9,1,0
BRDA:32,10,0,0
BRDA:32,10,1,0
BRDA:33,11,0,0
BRDA:33,11,1,0
BRDA:43,12,0,0
BRDA:43,12,1,0
BRDA:43,13,0,0
BRDA:43,13,1,0
BRDA:47,14,0,0
BRDA:47,14,1,0
BRDA:47,15,0,0
BRDA:47,15,1,0
BRF:32
BRH:0
end_of_record
TN:
SF:routes\upload.js
FN:20,(anonymous_0)
FN:31,(anonymous_1)
FN:47,(anonymous_2)
FN:61,(anonymous_3)
FN:93,(anonymous_4)
FN:94,(anonymous_5)
FNF:6
FNH:0
FNDA:0,(anonymous_0)
FNDA:0,(anonymous_1)
FNDA:0,(anonymous_2)
FNDA:0,(anonymous_3)
FNDA:0,(anonymous_4)
FNDA:0,(anonymous_5)
DA:4,0
DA:5,0
DA:6,0
DA:7,0
DA:8,0
DA:10,0
DA:13,0
DA:21,0
DA:22,0
DA:23,0
DA:25,0
DA:31,0
DA:32,0
DA:33,0
DA:34,0
DA:37,0
DA:38,0
DA:39,0
DA:42,0
DA:43,0
DA:47,0
DA:48,0
DA:53,0
DA:54,0
DA:57,0
DA:61,0
DA:62,0
DA:63,0
DA:64,0
DA:67,0
DA:68,0
DA:70,0
DA:71,0
DA:72,0
DA:74,0
DA:75,0
DA:76,0
DA:82,0
DA:90,0
DA:93,0
DA:94,0
DA:98,0
DA:99,0
DA:103,0
LF:44
LH:0
BRDA:22,0,0,0
BRDA:22,0,1,0
BRDA:22,1,0,0
BRDA:22,1,1,0
BRDA:33,2,0,0
BRDA:33,2,1,0
BRDA:38,3,0,0
BRDA:38,3,1,0
BRDA:53,4,0,0
BRDA:53,4,1,0
BRDA:63,5,0,0
BRDA:63,5,1,0
BRDA:63,6,0,0
BRDA:63,6,1,0
BRDA:67,7,0,0
BRDA:67,7,1,0
BRDA:72,8,0,0
BRDA:72,8,1,0
BRF:18
BRH:0
end_of_record
TN:
SF:services\songService.js
FN:7,getSongs
FN:95,getSongById
FN:115,findOrCreateArtist
FN:139,findOrCreateAlbum
FN:168,updateSong
FN:238,deleteSong
FN:257,recordListen
FN:271,getListenStats
FN:295,getRecentlyPlayed
FNF:9
FNH:3
FNDA:2,getSongs
FNDA:3,getSongById
FNDA:0,findOrCreateArtist
FNDA:0,findOrCreateAlbum
FNDA:2,updateSong
FNDA:0,deleteSong
FNDA:0,recordListen
FNDA:0,getListenStats
FNDA:0,getRecentlyPlayed
DA:4,1
DA:8,2
DA:10,2
DA:11,2
DA:14,2
DA:15,1
DA:17,1
DA:18,1
DA:21,2
DA:22,0
DA:23,0
DA:26,2
DA:27,0
DA:28,0
DA:31,2
DA:32,0
DA:38,0
DA:39,0
DA:42,0
DA:43,0
DA:47,2
DA:48,0
DA:49,0
DA:52,2
DA:53,0
DA:54,0
DA:57,2
DA:76,2
DA:88,2
DA:96,3
DA:112,3
DA:116,0
DA:117,0
DA:121,0
DA:126,0
DA:127,0
DA:131,0
DA:136,0
DA:145,0
DA:146,0
DA:150,0
DA:155,0
DA:156,0
DA:160,0
DA:165,0
DA:170,2
DA:175,2
DA:176,0
DA:179,2
DA:180,1
DA:183,1
DA:184,1
DA:187,1
DA:188,1
DA:189,3
DA:190,1
DA:191,1
DA:196,1
DA:197,0
DA:198,0
DA:199,0
DA:203,1
DA:205,0
DA:207,0
DA:210,0
DA:214,0
DA:217,0
DA:223,0
DA:224,0
DA:227,1
DA:228,1
DA:229,1
DA:235,1
DA:239,0
DA:244,0
DA:245,0
DA:248,0
DA:249,0
DA:252,0
DA:254,0
DA:258,0
DA:263,0
DA:268,0
DA:272,0
DA:277,0
DA:289,0
DA:296,0
DA:311,1
LF:88
LH:36
BRDA:7,0,0,0
BRDA:7,1,0,0
BRDA:7,2,0,0
BRDA:14,3,0,1
BRDA:14,3,1,1
BRDA:21,4,0,0
BRDA:21,4,1,2
BRDA:26,5,0,0
BRDA:26,5,1,2
BRDA:31,6,0,0
BRDA:31,6,1,2
BRDA:32,7,0,0
BRDA:32,7,1,0
BRDA:33,8,0,0
BRDA:33,8,1,0
BRDA:33,8,2,0
BRDA:47,9,0,0
BRDA:47,9,1,2
BRDA:52,10,0,0
BRDA:52,10,1,2
BRDA:112,11,0,2
BRDA:112,11,1,1
BRDA:116,12,0,0
BRDA:116,12,1,0
BRDA:116,13,0,0
BRDA:116,13,1,0
BRDA:126,14,0,0
BRDA:126,14,1,0
BRDA:143,15,0,0
BRDA:145,16,0,0
BRDA:145,16,1,0
BRDA:145,17,0,0
BRDA:145,17,1,0
BRDA:155,18,0,0
BRDA:155,18,1,0
BRDA:168,19,0,0
BRDA:175,20,0,0
BRDA:175,20,1,2
BRDA:179,21,0,1
BRDA:179,21,1,1
BRDA:179,22,0,2
BRDA:179,22,1,2
BRDA:189,23,0,1
BRDA:189,23,1,2
BRDA:196,24,0,0
BRDA:196,24,1,1
BRDA:203,25,0,0
BRDA:203,25,1,1
BRDA:205,26,0,0
BRDA:205,26,1,0
BRDA:227,27,0,1
BRDA:227,27,1,0
BRDA:238,28,0,0
BRDA:244,29,0,0
BRDA:244,29,1,0
BRDA:248,30,0,0
BRDA:248,30,1,0
BRDA:248,31,0,0
BRDA:248,31,1,0
BRDA:257,32,0,0
BRDA:257,33,0,0
BRDA:295,34,0,0
BRF:62
BRH:19
end_of_record
TN:
SF:services\uploadService.js
FN:24,(anonymous_0)
FN:39,(anonymous_1)
FN:46,(anonymous_2)
FN:58,cleanupSession
FN:70,cleanup
FN:76,createSongFromMetadata
FN:135,uploadArtwork
FN:150,processImageChunk
FN:219,processFile
FNF:9
FNH:0
FNDA:0,(anonymous_0)
FNDA:0,(anonymous_1)
FNDA:0,(anonymous_2)
FNDA:0,cleanupSession
FNDA:0,cleanup
FNDA:0,createSongFromMetadata
FNDA:0,uploadArtwork
FNDA:0,processImageChunk
FNDA:0,processFile
DA:4,0
DA:5,0
DA:6,0
DA:7,0
DA:8,0
DA:10,0
DA:17,0
DA:20,0
DA:21,0
DA:24,0
DA:25,0
DA:26,0
DA:27,0
DA:29,0
DA:30,0
DA:31,0
DA:32,0
DA:37,0
DA:38,0
DA:39,0
DA:42,0
DA:46,0
DA:47,0
DA:50,0
DA:51,0
DA:59,0
DA:60,0
DA:61,0
DA:62,0
DA:63,0
DA:65,0
DA:71,0
DA:72,0
DA:73,0
DA:78,0
DA:79,0
DA:80,0
DA:84,0
DA:85,0
DA:86,0
DA:94,0
DA:95,0
DA:100,0
DA:101,0
DA:105,0
DA:114,0
DA:132,0
DA:136,0
DA:137,0
DA:139,0
DA:146,0
DA:147,0
DA:160,0
DA:161,0
DA:172,0
DA:173,0
DA:174,0
DA:178,0
DA:179,0
DA:180,0
DA:181,0
DA:185,0
DA:187,0
DA:188,0
DA:191,0
DA:195,0
DA:196,0
DA:199,0
DA:206,0
DA:207,0
DA:210,0
DA:212,0
DA:215,0
DA:220,0
DA:221,0
DA:222,0
DA:228,0
DA:229,0
DA:232,0
DA:239,0
DA:240,0
DA:243,0
DA:248,0
DA:249,0
DA:252,0
DA:259,0
DA:260,0
DA:264,0
LF:88
LH:0
BRDA:30,0,0,0
BRDA:30,0,1,0
BRDA:37,1,0,0
BRDA:37,1,1,0
BRDA:50,2,0,0
BRDA:50,2,1,0
BRDA:60,3,0,0
BRDA:60,3,1,0
BRDA:61,4,0,0
BRDA:61,4,1,0
BRDA:79,5,0,0
BRDA:79,5,1,0
BRDA:85,6,0,0
BRDA:85,6,1,0
BRDA:85,7,0,0
BRDA:85,7,1,0
BRDA:94,8,0,0
BRDA:94,8,1,0
BRDA:100,9,0,0
BRDA:100,9,1,0
BRDA:100,10,0,0
BRDA:100,10,1,0
BRDA:121,11,0,0
BRDA:121,11,1,0
BRDA:124,12,0,0
BRDA:124,12,1,0
BRDA:125,13,0,0
BRDA:125,13,1,0
BRDA:126,14,0,0
BRDA:126,14,1,0
BRDA:160,15,0,0
BRDA:160,15,1,0
BRDA:173,16,0,0
BRDA:173,16,1,0
BRDA:173,17,0,0
BRDA:173,17,1,0
BRDA:178,18,0,0
BRDA:178,18,1,0
BRDA:179,19,0,0
BRDA:179,19,1,0
BRDA:185,20,0,0
BRDA:185,20,1,0
BRDA:195,21,0,0
BRDA:195,21,1,0
BRDA:203,22,0,0
BRDA:203,22,1,0
BRDA:248,23,0,0
BRDA:248,23,1,0
BRF:48
BRH:0
end_of_record
TN:
SF:utils\logger.js
FN:16,log
FN:25,(anonymous_1)
FN:26,(anonymous_2)
FN:27,(anonymous_3)
FN:28,(anonymous_4)
FNF:5
FNH:0
FNDA:0,log
FNDA:0,(anonymous_1)
FNDA:0,(anonymous_2)
FNDA:0,(anonymous_3)
FNDA:0,(anonymous_4)
DA:5,1
DA:12,1
DA:17,0
DA:18,0
DA:19,0
DA:20,0
DA:24,1
DA:25,0
DA:26,0
DA:27,0
DA:28,0
LF:11
LH:3
BRDA:12,0,0,0
BRDA:12,0,1,1
BRDA:16,1,0,0
BRDA:17,2,0,0
BRDA:17,2,1,0
BRDA:19,3,0,0
BRDA:19,3,1,0
BRF:7
BRH:1
end_of_record
TN:
SF:utils\response.js
FN:5,success
FN:14,error
FN:26,paginated
FNF:3
FNH:0
FNDA:0,success
FNDA:0,error
FNDA:0,paginated
DA:6,0
DA:15,0
DA:27,0
DA:42,1
LF:4
LH:1
BRDA:5,0,0,0
BRDA:5,1,0,0
BRDA:14,2,0,0
BRDA:14,3,0,0
BRF:4
BRH:0
end_of_record
TN:
SF:utils\validation.js
FN:6,(anonymous_0)
FN:7,(anonymous_1)
FN:8,(anonymous_2)
FN:9,(anonymous_3)
FN:10,(anonymous_4)
FN:10,(anonymous_5)
FN:11,(anonymous_6)
FN:11,(anonymous_7)
FN:12,(anonymous_8)
FN:13,(anonymous_9)
FN:16,validate
FNF:11
FNH:0
FNDA:0,(anonymous_0)
FNDA:0,(anonymous_1)
FNDA:0,(anonymous_2)
FNDA:0,(anonymous_3)
FNDA:0,(anonymous_4)
FNDA:0,(anonymous_5)
FNDA:0,(anonymous_6)
FNDA:0,(anonymous_7)
FNDA:0,(anonymous_8)
FNDA:0,(anonymous_9)
FNDA:0,validate
DA:5,0
DA:6,0
DA:7,0
DA:8,0
DA:9,0
DA:10,0
DA:11,0
DA:12,0
DA:13,0
DA:17,0
DA:19,0
DA:20,0
DA:22,0
DA:25,0
DA:26,0
DA:27,0
DA:28,0
DA:29,0
DA:30,0
DA:32,0
DA:33,0
DA:36,0
DA:37,0
DA:38,0
DA:43,0
DA:49,0
LF:26
LH:0
BRDA:6,0,0,0
BRDA:6,0,1,0
BRDA:6,0,2,0
BRDA:8,1,0,0
BRDA:8,1,1,0
BRDA:10,2,0,0
BRDA:10,2,1,0
BRDA:11,3,0,0
BRDA:11,3,1,0
BRDA:25,4,0,0
BRDA:25,4,1,0
BRDA:28,5,0,0
BRDA:28,5,1,0
BRDA:33,6,0,0
BRDA:33,6,1,0
BRDA:36,7,0,0
BRDA:36,7,1,0
BRF:17
BRH:0
end_of_record
